  源.c
D:\比特科技\test\Project3\源.c(16): error C2065: “x”: 未声明的标识符
D:\比特科技\test\Project3\源.c(16): error C2065: “y”: 未声明的标识符
