  test.c
D:\代码\test\test_5_18_4\test.c(54): warning C4013: “swap”未定义；假设外部返回 int
D:\代码\test\test_5_18_4\test.c(60): warning C4013: “adjust”未定义；假设外部返回 int
D:\代码\test\test_5_18_4\test.c(60): error C2065: “num”: 未声明的标识符
D:\代码\test\test_5_18_4\test.c(61): error C2065: “num”: 未声明的标识符
D:\代码\test\test_5_18_4\test.c(62): error C2065: “tmp”: 未声明的标识符
D:\代码\test\test_5_18_4\test.c(62): error C2109: 下标要求数组或指针类型
D:\代码\test\test_5_18_4\test.c(62): warning C4473: “printf”: 没有为格式字符串传递足够的参数
  D:\代码\test\test_5_18_4\test.c(62): note: 占位符和其参数预计 1 可变参数，但提供的却是 0 参数
  D:\代码\test\test_5_18_4\test.c(62): note: 缺失的可变参数 1 为格式字符串“%d”所需
